2023-01-05 12:24:08,936 :INFO : test_formSubmission :First Name isXYZ
2023-01-05 12:24:09,465 :INFO : test_formSubmission :First Name isXYZ1
2023-01-05 12:24:09,465 :INFO : test_formSubmission :First Name isXYZ1
2023-01-05 12:24:12,754 :INFO : test_end2end :Get All Product List
2023-01-05 12:24:12,769 :INFO : test_end2end :iphone X
2023-01-05 12:24:12,784 :INFO : test_end2end :Samsung Note 8
2023-01-05 12:24:12,798 :INFO : test_end2end :Nokia Edge
2023-01-05 12:24:12,812 :INFO : test_end2end :Blackberry
2023-01-05 12:24:18,474 :INFO : test_end2end :Alert Message is×
Success! Thank you! Your order will be delivered in next few weeks :-).
2023-01-05 12:50:54,914 :INFO : test_formSubmission :First Name isXYZ
2023-01-05 12:50:55,511 :INFO : test_formSubmission :First Name isXYZ1
2023-01-05 12:50:55,511 :INFO : test_formSubmission :First Name isXYZ1
2023-01-05 12:50:59,077 :INFO : test_end2end :Get All Product List
2023-01-05 12:50:59,093 :INFO : test_end2end :iphone X
2023-01-05 12:50:59,107 :INFO : test_end2end :Samsung Note 8
2023-01-05 12:50:59,121 :INFO : test_end2end :Nokia Edge
2023-01-05 12:50:59,135 :INFO : test_end2end :Blackberry
2023-01-05 12:51:04,722 :INFO : test_end2end :Alert Message is×
Success! Thank you! Your order will be delivered in next few weeks :-).
